TN:
SF:C:\Users\UCHEKA CHUKWUKELEUBA\Desktop\DevC\teamwork_lite\api\app.js
FN:17,(anonymous_0)
FN:24,(anonymous_1)
FN:36,(anonymous_2)
FNF:3
FNH:2
FNDA:3,(anonymous_0)
FNDA:0,(anonymous_1)
FNDA:1,(anonymous_2)
DA:10,1
DA:11,1
DA:13,1
DA:14,1
DA:15,1
DA:17,1
DA:18,3
DA:19,3
DA:20,3
DA:21,3
DA:24,1
DA:25,0
DA:30,1
DA:32,1
DA:33,1
DA:34,1
DA:35,1
DA:36,1
DA:37,1
LF:19
LH:18
BRF:0
BRH:0
end_of_record
TN:
SF:C:\Users\UCHEKA CHUKWUKELEUBA\Desktop\DevC\teamwork_lite\api\config\pool.js
FNF:0
FNH:0
DA:4,1
DA:6,1
DA:9,1
DA:11,0
DA:14,0
DA:16,0
DA:19,0
DA:22,1
LF:8
LH:4
BRDA:4,0,0,1
BRDA:4,0,1,0
BRDA:4,0,2,0
BRF:3
BRH:1
end_of_record
TN:
SF:C:\Users\UCHEKA CHUKWUKELEUBA\Desktop\DevC\teamwork_lite\api\config\verifyToken.js
FN:3,(anonymous_0)
FNF:1
FNH:0
FNDA:0,(anonymous_0)
DA:3,1
DA:4,0
DA:5,0
DA:6,0
DA:7,0
DA:8,0
DA:10,0
LF:7
LH:1
BRF:0
BRH:0
end_of_record
TN:
SF:C:\Users\UCHEKA CHUKWUKELEUBA\Desktop\DevC\teamwork_lite\api\controller\articles\articles.js
FN:21,(anonymous_0)
FN:34,(anonymous_1)
FN:49,(anonymous_2)
FN:53,(anonymous_3)
FN:61,(anonymous_4)
FN:66,(anonymous_5)
FN:78,(anonymous_6)
FN:88,(anonymous_7)
FN:92,(anonymous_8)
FN:110,(anonymous_9)
FN:119,(anonymous_10)
FN:130,(anonymous_11)
FN:140,(anonymous_12)
FN:144,(anonymous_13)
FN:152,(anonymous_14)
FN:167,(anonymous_15)
FN:171,(anonymous_16)
FN:195,(anonymous_17)
FN:201,(anonymous_18)
FN:223,(anonymous_19)
FN:227,(anonymous_20)
FN:233,(anonymous_21)
FN:237,(anonymous_22)
FN:247,(anonymous_23)
FN:257,(anonymous_24)
FN:262,(anonymous_25)
FN:270,(anonymous_26)
FN:285,(anonymous_27)
FN:295,(anonymous_28)
FN:299,(anonymous_29)
FN:303,(anonymous_30)
FN:313,(anonymous_31)
FN:323,(anonymous_32)
FN:327,(anonymous_33)
FNF:34
FNH:0
FNDA:0,(anonymous_0)
FNDA:0,(anonymous_1)
FNDA:0,(anonymous_2)
FNDA:0,(anonymous_3)
FNDA:0,(anonymous_4)
FNDA:0,(anonymous_5)
FNDA:0,(anonymous_6)
FNDA:0,(anonymous_7)
FNDA:0,(anonymous_8)
FNDA:0,(anonymous_9)
FNDA:0,(anonymous_10)
FNDA:0,(anonymous_11)
FNDA:0,(anonymous_12)
FNDA:0,(anonymous_13)
FNDA:0,(anonymous_14)
FNDA:0,(anonymous_15)
FNDA:0,(anonymous_16)
FNDA:0,(anonymous_17)
FNDA:0,(anonymous_18)
FNDA:0,(anonymous_19)
FNDA:0,(anonymous_20)
FNDA:0,(anonymous_21)
FNDA:0,(anonymous_22)
FNDA:0,(anonymous_23)
FNDA:0,(anonymous_24)
FNDA:0,(anonymous_25)
FNDA:0,(anonymous_26)
FNDA:0,(anonymous_27)
FNDA:0,(anonymous_28)
FNDA:0,(anonymous_29)
FNDA:0,(anonymous_30)
FNDA:0,(anonymous_31)
FNDA:0,(anonymous_32)
FNDA:0,(anonymous_33)
DA:23,0
DA:24,0
DA:25,0
DA:26,0
DA:31,0
DA:32,0
DA:35,0
DA:36,0
DA:37,0
DA:50,0
DA:58,0
DA:59,0
DA:62,0
DA:63,0
DA:64,0
DA:67,0
DA:79,0
DA:82,0
DA:89,0
DA:97,0
DA:98,0
DA:99,0
DA:100,0
DA:105,0
DA:106,0
DA:108,0
DA:111,0
DA:112,0
DA:113,0
DA:114,0
DA:115,0
DA:117,0
DA:120,0
DA:121,0
DA:131,0
DA:134,0
DA:141,0
DA:149,0
DA:150,0
DA:153,0
DA:154,0
DA:161,0
DA:168,0
DA:176,0
DA:178,0
DA:180,0
DA:181,0
DA:182,0
DA:187,0
DA:188,0
DA:193,0
DA:196,0
DA:197,0
DA:199,0
DA:202,0
DA:203,0
DA:204,0
DA:217,0
DA:224,0
DA:229,0
DA:231,0
DA:234,0
DA:235,0
DA:238,0
DA:239,0
DA:248,0
DA:251,0
DA:258,0
DA:263,0
DA:265,0
DA:267,0
DA:268,0
DA:271,0
DA:272,0
DA:279,0
DA:286,0
DA:289,0
DA:296,0
DA:297,0
DA:300,0
DA:301,0
DA:304,0
DA:305,0
DA:314,0
DA:317,0
DA:324,0
DA:328,0
DA:329,0
DA:332,0
DA:333,0
DA:334,0
DA:335,0
DA:340,0
DA:346,0
LF:94
LH:0
BRDA:25,0,0,0
BRDA:25,0,1,0
BRDA:35,1,0,0
BRDA:35,1,1,0
BRDA:62,2,0,0
BRDA:62,2,1,0
BRDA:99,3,0,0
BRDA:99,3,1,0
BRDA:111,4,0,0
BRDA:111,4,1,0
BRDA:113,5,0,0
BRDA:113,5,1,0
BRDA:114,6,0,0
BRDA:114,6,1,0
BRDA:115,7,0,0
BRDA:115,7,1,0
BRDA:153,8,0,0
BRDA:153,8,1,0
BRDA:181,9,0,0
BRDA:181,9,1,0
BRDA:187,10,0,0
BRDA:187,10,1,0
BRDA:196,11,0,0
BRDA:196,11,1,0
BRDA:202,12,0,0
BRDA:202,12,1,0
BRDA:234,13,0,0
BRDA:234,13,1,0
BRDA:238,14,0,0
BRDA:238,14,1,0
BRDA:267,15,0,0
BRDA:267,15,1,0
BRDA:271,16,0,0
BRDA:271,16,1,0
BRDA:300,17,0,0
BRDA:300,17,1,0
BRDA:304,18,0,0
BRDA:304,18,1,0
BRDA:334,19,0,0
BRDA:334,19,1,0
BRF:40
BRH:0
end_of_record
TN:
SF:C:\Users\UCHEKA CHUKWUKELEUBA\Desktop\DevC\teamwork_lite\api\controller\feed\feed.js
FN:4,(anonymous_0)
FN:8,(anonymous_1)
FNF:2
FNH:0
FNDA:0,(anonymous_0)
FNDA:0,(anonymous_1)
DA:5,0
DA:6,0
DA:7,0
DA:8,0
DA:9,0
DA:12,0
DA:13,0
DA:18,0
DA:24,0
LF:9
LH:0
BRDA:12,0,0,0
BRDA:12,0,1,0
BRF:2
BRH:0
end_of_record
TN:
SF:C:\Users\UCHEKA CHUKWUKELEUBA\Desktop\DevC\teamwork_lite\api\controller\gifs\gifs.js
FN:19,(anonymous_0)
FN:27,(anonymous_1)
FN:32,(anonymous_2)
FN:44,(anonymous_3)
FN:54,(anonymous_4)
FN:59,(anonymous_5)
FN:109,(anonymous_6)
FN:120,(anonymous_7)
FN:143,(anonymous_8)
FN:167,(anonymous_9)
FN:173,(anonymous_10)
FN:188,(anonymous_11)
FN:201,(anonymous_12)
FN:205,(anonymous_13)
FN:211,(anonymous_14)
FN:215,(anonymous_15)
FN:225,(anonymous_16)
FN:235,(anonymous_17)
FNF:18
FNH:0
FNDA:0,(anonymous_0)
FNDA:0,(anonymous_1)
FNDA:0,(anonymous_2)
FNDA:0,(anonymous_3)
FNDA:0,(anonymous_4)
FNDA:0,(anonymous_5)
FNDA:0,(anonymous_6)
FNDA:0,(anonymous_7)
FNDA:0,(anonymous_8)
FNDA:0,(anonymous_9)
FNDA:0,(anonymous_10)
FNDA:0,(anonymous_11)
FNDA:0,(anonymous_12)
FNDA:0,(anonymous_13)
FNDA:0,(anonymous_14)
FNDA:0,(anonymous_15)
FNDA:0,(anonymous_16)
FNDA:0,(anonymous_17)
DA:9,1
DA:12,1
DA:23,0
DA:25,0
DA:28,0
DA:29,0
DA:30,0
DA:33,0
DA:45,0
DA:48,0
DA:55,0
DA:62,0
DA:64,0
DA:65,0
DA:66,0
DA:67,0
DA:68,0
DA:73,0
DA:74,0
DA:79,0
DA:80,0
DA:82,0
DA:83,0
DA:84,0
DA:96,0
DA:102,0
DA:114,0
DA:115,0
DA:116,0
DA:117,0
DA:118,0
DA:119,0
DA:120,0
DA:121,0
DA:122,0
DA:127,0
DA:135,0
DA:140,0
DA:148,0
DA:150,0
DA:152,0
DA:153,0
DA:154,0
DA:159,0
DA:160,0
DA:165,0
DA:168,0
DA:169,0
DA:171,0
DA:174,0
DA:175,0
DA:176,0
DA:189,0
DA:195,0
DA:202,0
DA:207,0
DA:209,0
DA:212,0
DA:213,0
DA:216,0
DA:217,0
DA:226,0
DA:229,0
DA:236,0
LF:64
LH:2
BRDA:28,0,0,0
BRDA:28,0,1,0
BRDA:67,1,0,0
BRDA:67,1,1,0
BRDA:73,2,0,0
BRDA:73,2,1,0
BRDA:82,3,0,0
BRDA:82,3,1,0
BRDA:117,4,0,0
BRDA:117,4,1,0
BRDA:121,5,0,0
BRDA:121,5,1,0
BRDA:153,6,0,0
BRDA:153,6,1,0
BRDA:159,7,0,0
BRDA:159,7,1,0
BRDA:168,8,0,0
BRDA:168,8,1,0
BRDA:174,9,0,0
BRDA:174,9,1,0
BRDA:212,10,0,0
BRDA:212,10,1,0
BRDA:216,11,0,0
BRDA:216,11,1,0
BRF:24
BRH:0
end_of_record
TN:
SF:C:\Users\UCHEKA CHUKWUKELEUBA\Desktop\DevC\teamwork_lite\api\controller\user\user.js
FN:9,(anonymous_0)
FN:23,(anonymous_1)
FN:31,(anonymous_2)
FN:35,(anonymous_3)
FN:36,(anonymous_4)
FN:41,(anonymous_5)
FN:51,(anonymous_6)
FN:63,(anonymous_7)
FN:70,(anonymous_8)
FN:90,(anonymous_9)
FN:93,(anonymous_10)
FN:104,(anonymous_11)
FN:129,(anonymous_12)
FNF:13
FNH:7
FNDA:2,(anonymous_0)
FNDA:0,(anonymous_1)
FNDA:2,(anonymous_2)
FNDA:2,(anonymous_3)
FNDA:2,(anonymous_4)
FNDA:0,(anonymous_5)
FNDA:0,(anonymous_6)
FNDA:2,(anonymous_7)
FNDA:1,(anonymous_8)
FNDA:0,(anonymous_9)
FNDA:0,(anonymous_10)
FNDA:0,(anonymous_11)
FNDA:1,(anonymous_12)
DA:11,2
DA:12,2
DA:13,2
DA:14,0
DA:19,2
DA:21,2
DA:24,0
DA:25,0
DA:32,2
DA:35,2
DA:36,2
DA:37,2
DA:38,2
DA:39,2
DA:42,0
DA:43,0
DA:44,0
DA:51,0
DA:52,0
DA:64,2
DA:78,1
DA:79,1
DA:80,1
DA:81,0
DA:86,1
DA:88,1
DA:91,0
DA:92,0
DA:93,0
DA:94,0
DA:95,0
DA:96,0
DA:97,0
DA:104,0
DA:105,0
DA:106,0
DA:116,0
DA:123,0
DA:130,1
LF:39
LH:18
BRDA:13,0,0,0
BRDA:13,0,1,2
BRDA:24,1,0,0
BRDA:24,1,1,0
BRDA:37,2,0,0
BRDA:37,2,1,2
BRDA:42,3,0,0
BRDA:42,3,1,0
BRDA:48,4,0,0
BRDA:48,4,1,0
BRDA:48,5,0,0
BRDA:48,5,1,0
BRDA:80,6,0,0
BRDA:80,6,1,1
BRDA:91,7,0,0
BRDA:91,7,1,0
BRDA:94,8,0,0
BRDA:94,8,1,0
BRDA:95,9,0,0
BRDA:95,9,1,0
BRDA:101,10,0,0
BRDA:101,10,1,0
BRDA:101,11,0,0
BRDA:101,11,1,0
BRDA:105,12,0,0
BRDA:105,12,1,0
BRF:26
BRH:3
end_of_record
TN:
SF:C:\Users\UCHEKA CHUKWUKELEUBA\Desktop\DevC\teamwork_lite\api\middlewares\multer.js
FN:5,(anonymous_0)
FNF:1
FNH:0
FNDA:0,(anonymous_0)
DA:3,1
DA:6,0
DA:7,0
DA:8,0
DA:10,0
LF:5
LH:1
BRDA:6,0,0,0
BRDA:6,0,1,0
BRF:2
BRH:0
end_of_record
TN:
SF:C:\Users\UCHEKA CHUKWUKELEUBA\Desktop\DevC\teamwork_lite\api\routes\articles\articles.js
FNF:0
FNH:0
DA:5,1
DA:10,1
DA:15,1
DA:20,1
DA:25,1
DA:30,1
DA:35,1
DA:36,1
DA:37,1
DA:38,1
LF:10
LH:10
BRF:0
BRH:0
end_of_record
TN:
SF:C:\Users\UCHEKA CHUKWUKELEUBA\Desktop\DevC\teamwork_lite\api\routes\feed\feed.js
FNF:0
FNH:0
DA:4,1
DA:8,1
LF:2
LH:2
BRF:0
BRH:0
end_of_record
TN:
SF:C:\Users\UCHEKA CHUKWUKELEUBA\Desktop\DevC\teamwork_lite\api\routes\gifs\gifs.js
FNF:0
FNH:0
DA:5,1
DA:10,1
DA:14,1
DA:18,1
DA:22,1
DA:26,1
LF:6
LH:6
BRF:0
BRH:0
end_of_record
TN:
SF:C:\Users\UCHEKA CHUKWUKELEUBA\Desktop\DevC\teamwork_lite\api\routes\user\user.js
FNF:0
FNH:0
DA:3,1
DA:8,1
DA:12,1
LF:3
LH:3
BRF:0
BRH:0
end_of_record
TN:
SF:C:\Users\UCHEKA CHUKWUKELEUBA\Desktop\DevC\teamwork_lite\api\validator\articles.js
FN:4,(anonymous_0)
FNF:1
FNH:0
FNDA:0,(anonymous_0)
DA:4,1
DA:5,0
DA:6,0
DA:8,0
DA:9,0
DA:11,0
DA:12,0
DA:13,0
DA:16,0
DA:17,0
DA:18,0
DA:20,0
DA:21,0
DA:22,0
DA:24,0
DA:25,0
DA:26,0
DA:28,0
DA:29,0
DA:30,0
LF:20
LH:1
BRDA:8,0,0,0
BRDA:8,0,1,0
BRDA:9,1,0,0
BRDA:9,1,1,0
BRDA:11,2,0,0
BRDA:11,2,1,0
BRDA:16,3,0,0
BRDA:16,3,1,0
BRDA:20,4,0,0
BRDA:20,4,1,0
BRDA:24,5,0,0
BRDA:24,5,1,0
BRDA:28,6,0,0
BRDA:28,6,1,0
BRF:14
BRH:0
end_of_record
TN:
SF:C:\Users\UCHEKA CHUKWUKELEUBA\Desktop\DevC\teamwork_lite\api\validator\editArticle.js
FN:4,(anonymous_0)
FNF:1
FNH:0
FNDA:0,(anonymous_0)
DA:4,1
DA:5,0
DA:6,0
DA:8,0
DA:9,0
DA:11,0
DA:12,0
DA:13,0
DA:15,0
DA:16,0
DA:17,0
DA:20,0
DA:21,0
DA:22,0
DA:25,0
DA:26,0
DA:27,0
LF:17
LH:1
BRDA:8,0,0,0
BRDA:8,0,1,0
BRDA:9,1,0,0
BRDA:9,1,1,0
BRDA:11,2,0,0
BRDA:11,2,1,0
BRDA:15,3,0,0
BRDA:15,3,1,0
BRDA:20,4,0,0
BRDA:20,4,1,0
BRDA:25,5,0,0
BRDA:25,5,1,0
BRF:12
BRH:0
end_of_record
TN:
SF:C:\Users\UCHEKA CHUKWUKELEUBA\Desktop\DevC\teamwork_lite\api\validator\gif.js
FN:4,(anonymous_0)
FNF:1
FNH:0
FNDA:0,(anonymous_0)
DA:4,1
DA:5,0
DA:6,0
DA:8,0
DA:9,0
DA:10,0
DA:11,0
DA:13,0
DA:14,0
DA:15,0
LF:10
LH:1
BRDA:8,0,0,0
BRDA:8,0,1,0
BRDA:9,1,0,0
BRDA:9,1,1,0
BRDA:13,2,0,0
BRDA:13,2,1,0
BRF:6
BRH:0
end_of_record
TN:
SF:C:\Users\UCHEKA CHUKWUKELEUBA\Desktop\DevC\teamwork_lite\api\validator\isEmpty.js
FN:3,(anonymous_0)
FNF:1
FNH:1
FNDA:25,(anonymous_0)
DA:3,1
DA:4,25
LF:2
LH:2
BRDA:5,0,0,25
BRDA:5,0,1,22
BRDA:5,0,2,22
BRDA:5,0,3,2
BRDA:5,0,4,22
BRDA:5,0,5,20
BRF:6
BRH:6
end_of_record
TN:
SF:C:\Users\UCHEKA CHUKWUKELEUBA\Desktop\DevC\teamwork_lite\api\validator\signin.js
FN:4,(anonymous_0)
FNF:1
FNH:1
FNDA:1,(anonymous_0)
DA:4,1
DA:5,1
DA:6,1
DA:7,1
DA:8,1
DA:10,1
DA:11,0
DA:12,0
DA:14,1
DA:15,0
DA:16,0
DA:18,1
DA:19,0
DA:20,0
LF:14
LH:8
BRDA:7,0,0,1
BRDA:7,0,1,0
BRDA:8,1,0,1
BRDA:8,1,1,0
BRDA:10,2,0,0
BRDA:10,2,1,1
BRDA:14,3,0,0
BRDA:14,3,1,1
BRDA:18,4,0,0
BRDA:18,4,1,1
BRF:10
BRH:5
end_of_record
TN:
SF:C:\Users\UCHEKA CHUKWUKELEUBA\Desktop\DevC\teamwork_lite\api\validator\user.js
FN:4,(anonymous_0)
FNF:1
FNH:1
FNDA:2,(anonymous_0)
DA:4,1
DA:5,2
DA:6,2
DA:7,2
DA:8,2
DA:9,2
DA:10,2
DA:11,2
DA:12,2
DA:13,2
DA:14,2
DA:15,2
DA:16,2
DA:22,2
DA:23,0
DA:24,0
DA:26,2
DA:27,0
DA:28,0
DA:30,2
DA:31,0
DA:32,0
DA:34,2
DA:35,0
DA:36,0
DA:38,2
DA:39,0
DA:40,0
DA:42,2
DA:43,0
DA:44,0
DA:46,2
DA:47,0
DA:48,0
DA:50,2
DA:51,0
DA:52,0
DA:54,2
DA:55,0
DA:56,0
DA:58,2
DA:59,0
DA:60,0
DA:62,2
DA:63,0
DA:64,0
DA:67,2
DA:68,0
DA:69,0
LF:49
LH:25
BRDA:7,0,0,2
BRDA:7,0,1,0
BRDA:8,1,0,2
BRDA:8,1,1,0
BRDA:9,2,0,2
BRDA:9,2,1,0
BRDA:10,3,0,2
BRDA:10,3,1,0
BRDA:11,4,0,2
BRDA:11,4,1,0
BRDA:12,5,0,2
BRDA:12,5,1,0
BRDA:13,6,0,2
BRDA:13,6,1,0
BRDA:14,7,0,2
BRDA:14,7,1,0
BRDA:15,8,0,2
BRDA:15,8,1,0
BRDA:16,9,0,2
BRDA:16,9,1,0
BRDA:22,10,0,0
BRDA:22,10,1,2
BRDA:26,11,0,0
BRDA:26,11,1,2
BRDA:30,12,0,0
BRDA:30,12,1,2
BRDA:34,13,0,0
BRDA:34,13,1,2
BRDA:38,14,0,0
BRDA:38,14,1,2
BRDA:42,15,0,0
BRDA:42,15,1,2
BRDA:46,16,0,0
BRDA:46,16,1,2
BRDA:50,17,0,0
BRDA:50,17,1,2
BRDA:54,18,0,0
BRDA:54,18,1,2
BRDA:58,19,0,0
BRDA:58,19,1,2
BRDA:62,20,0,0
BRDA:62,20,1,2
BRDA:67,21,0,0
BRDA:67,21,1,2
BRF:44
BRH:22
end_of_record
