TN:
SF:C:\Users\UCHEKA CHUKWUKELEUBA\Desktop\DevC\teamwork_lite\api\app.js
FN:18,(anonymous_0)
FN:25,(anonymous_1)
FN:40,(anonymous_2)
FN:46,(anonymous_3)
FN:53,(anonymous_4)
FNF:5
FNH:4
FNDA:37,(anonymous_0)
FNDA:0,(anonymous_1)
FNDA:2,(anonymous_2)
FNDA:2,(anonymous_3)
FNDA:1,(anonymous_4)
DA:11,1
DA:12,1
DA:14,1
DA:15,1
DA:16,1
DA:18,1
DA:19,37
DA:20,37
DA:21,37
DA:22,37
DA:25,1
DA:26,0
DA:31,1
DA:33,1
DA:34,1
DA:35,1
DA:36,1
DA:37,1
DA:40,1
DA:41,2
DA:42,2
DA:43,2
DA:46,1
DA:47,2
DA:48,2
DA:53,1
DA:54,1
LF:27
LH:26
BRDA:47,0,0,2
BRDA:47,0,1,0
BRF:2
BRH:1
end_of_record
TN:
SF:C:\Users\UCHEKA CHUKWUKELEUBA\Desktop\DevC\teamwork_lite\api\config\pool.js
FNF:0
FNH:0
DA:4,1
DA:6,1
DA:9,1
DA:11,0
DA:14,0
DA:16,0
DA:19,0
DA:22,1
LF:8
LH:4
BRDA:4,0,0,1
BRDA:4,0,1,0
BRDA:4,0,2,0
BRF:3
BRH:1
end_of_record
TN:
SF:C:\Users\UCHEKA CHUKWUKELEUBA\Desktop\DevC\teamwork_lite\api\config\verifyToken.js
FN:3,(anonymous_0)
FNF:1
FNH:1
FNDA:30,(anonymous_0)
DA:3,1
DA:4,30
DA:5,30
DA:6,30
DA:7,28
DA:8,28
DA:10,2
LF:7
LH:7
BRF:0
BRH:0
end_of_record
TN:
SF:C:\Users\UCHEKA CHUKWUKELEUBA\Desktop\DevC\teamwork_lite\api\controller\articles\articles.js
FN:21,(anonymous_0)
FN:34,(anonymous_1)
FN:49,(anonymous_2)
FN:53,(anonymous_3)
FN:61,(anonymous_4)
FN:66,(anonymous_5)
FN:78,(anonymous_6)
FN:88,(anonymous_7)
FN:92,(anonymous_8)
FN:110,(anonymous_9)
FN:119,(anonymous_10)
FN:130,(anonymous_11)
FN:140,(anonymous_12)
FN:144,(anonymous_13)
FN:152,(anonymous_14)
FN:167,(anonymous_15)
FN:171,(anonymous_16)
FN:195,(anonymous_17)
FN:201,(anonymous_18)
FN:228,(anonymous_19)
FN:232,(anonymous_20)
FN:238,(anonymous_21)
FN:242,(anonymous_22)
FN:257,(anonymous_23)
FN:267,(anonymous_24)
FN:272,(anonymous_25)
FN:280,(anonymous_26)
FN:295,(anonymous_27)
FN:306,(anonymous_28)
FNF:29
FNH:12
FNDA:11,(anonymous_0)
FNDA:6,(anonymous_1)
FNDA:0,(anonymous_2)
FNDA:2,(anonymous_3)
FNDA:2,(anonymous_4)
FNDA:1,(anonymous_5)
FNDA:0,(anonymous_6)
FNDA:0,(anonymous_7)
FNDA:2,(anonymous_8)
FNDA:2,(anonymous_9)
FNDA:1,(anonymous_10)
FNDA:0,(anonymous_11)
FNDA:0,(anonymous_12)
FNDA:0,(anonymous_13)
FNDA:0,(anonymous_14)
FNDA:0,(anonymous_15)
FNDA:0,(anonymous_16)
FNDA:0,(anonymous_17)
FNDA:0,(anonymous_18)
FNDA:0,(anonymous_19)
FNDA:1,(anonymous_20)
FNDA:1,(anonymous_21)
FNDA:1,(anonymous_22)
FNDA:0,(anonymous_23)
FNDA:0,(anonymous_24)
FNDA:0,(anonymous_25)
FNDA:0,(anonymous_26)
FNDA:0,(anonymous_27)
FNDA:2,(anonymous_28)
DA:23,11
DA:24,11
DA:25,11
DA:26,5
DA:31,6
DA:32,6
DA:35,6
DA:36,6
DA:37,6
DA:50,0
DA:58,2
DA:59,2
DA:62,2
DA:63,1
DA:64,1
DA:67,1
DA:79,0
DA:82,1
DA:89,0
DA:97,2
DA:98,2
DA:99,2
DA:100,0
DA:105,2
DA:106,2
DA:108,2
DA:111,2
DA:112,1
DA:113,1
DA:114,1
DA:115,1
DA:117,1
DA:120,1
DA:121,1
DA:131,0
DA:134,1
DA:141,0
DA:149,0
DA:150,0
DA:153,0
DA:154,0
DA:161,0
DA:168,0
DA:176,0
DA:178,0
DA:180,0
DA:181,0
DA:182,0
DA:187,0
DA:188,0
DA:193,0
DA:196,0
DA:197,0
DA:199,0
DA:202,0
DA:203,0
DA:204,0
DA:215,0
DA:222,0
DA:229,0
DA:234,1
DA:236,1
DA:239,1
DA:240,1
DA:243,1
DA:244,1
DA:251,0
DA:258,0
DA:261,0
DA:268,0
DA:273,0
DA:275,0
DA:276,0
DA:277,0
DA:278,0
DA:281,0
DA:282,0
DA:289,0
DA:296,0
DA:299,0
DA:307,2
DA:309,2
DA:310,2
DA:311,2
DA:314,2
DA:315,2
DA:316,1
DA:321,1
DA:327,0
LF:89
LH:45
BRDA:25,0,0,5
BRDA:25,0,1,6
BRDA:35,1,0,6
BRDA:35,1,1,0
BRDA:62,2,0,1
BRDA:62,2,1,1
BRDA:99,3,0,0
BRDA:99,3,1,2
BRDA:111,4,0,1
BRDA:111,4,1,1
BRDA:113,5,0,1
BRDA:113,5,1,0
BRDA:114,6,0,0
BRDA:114,6,1,1
BRDA:115,7,0,0
BRDA:115,7,1,1
BRDA:153,8,0,0
BRDA:153,8,1,0
BRDA:181,9,0,0
BRDA:181,9,1,0
BRDA:187,10,0,0
BRDA:187,10,1,0
BRDA:196,11,0,0
BRDA:196,11,1,0
BRDA:202,12,0,0
BRDA:202,12,1,0
BRDA:239,13,0,1
BRDA:239,13,1,0
BRDA:243,14,0,1
BRDA:243,14,1,0
BRDA:277,15,0,0
BRDA:277,15,1,0
BRDA:281,16,0,0
BRDA:281,16,1,0
BRDA:315,17,0,1
BRDA:315,17,1,1
BRF:36
BRH:15
end_of_record
TN:
SF:C:\Users\UCHEKA CHUKWUKELEUBA\Desktop\DevC\teamwork_lite\api\controller\comments\comments.js
FN:14,(anonymous_0)
FN:33,(anonymous_1)
FN:39,(anonymous_2)
FN:49,(anonymous_3)
FN:59,(anonymous_4)
FN:64,(anonymous_5)
FN:68,(anonymous_6)
FN:72,(anonymous_7)
FN:87,(anonymous_8)
FN:100,(anonymous_9)
FN:108,(anonymous_10)
FN:116,(anonymous_11)
FN:131,(anonymous_12)
FNF:13
FNH:4
FNDA:1,(anonymous_0)
FNDA:1,(anonymous_1)
FNDA:0,(anonymous_2)
FNDA:0,(anonymous_3)
FNDA:0,(anonymous_4)
FNDA:1,(anonymous_5)
FNDA:1,(anonymous_6)
FNDA:0,(anonymous_7)
FNDA:0,(anonymous_8)
FNDA:0,(anonymous_9)
FNDA:0,(anonymous_10)
FNDA:0,(anonymous_11)
FNDA:0,(anonymous_12)
DA:20,1
DA:21,1
DA:22,1
DA:23,0
DA:28,1
DA:29,1
DA:31,1
DA:34,1
DA:35,0
DA:36,0
DA:37,0
DA:40,0
DA:41,0
DA:50,0
DA:53,1
DA:60,0
DA:65,1
DA:66,1
DA:69,1
DA:70,0
DA:73,0
DA:74,0
DA:81,0
DA:88,0
DA:94,1
DA:101,0
DA:109,0
DA:111,0
DA:112,0
DA:113,0
DA:114,0
DA:117,0
DA:118,0
DA:125,0
DA:132,0
DA:135,0
LF:36
LH:12
BRDA:22,0,0,0
BRDA:22,0,1,1
BRDA:34,1,0,0
BRDA:34,1,1,1
BRDA:36,2,0,0
BRDA:36,2,1,0
BRDA:69,3,0,0
BRDA:69,3,1,1
BRDA:73,4,0,0
BRDA:73,4,1,0
BRDA:113,5,0,0
BRDA:113,5,1,0
BRDA:117,6,0,0
BRDA:117,6,1,0
BRF:14
BRH:3
end_of_record
TN:
SF:C:\Users\UCHEKA CHUKWUKELEUBA\Desktop\DevC\teamwork_lite\api\controller\feed\feed.js
FN:4,(anonymous_0)
FN:8,(anonymous_1)
FNF:2
FNH:2
FNDA:1,(anonymous_0)
FNDA:5,(anonymous_1)
DA:5,1
DA:6,1
DA:7,1
DA:8,1
DA:9,5
DA:12,1
DA:13,1
DA:18,0
DA:24,0
LF:9
LH:7
BRDA:12,0,0,1
BRDA:12,0,1,0
BRF:2
BRH:1
end_of_record
TN:
SF:C:\Users\UCHEKA CHUKWUKELEUBA\Desktop\DevC\teamwork_lite\api\controller\gifs\gifs.js
FN:25,(anonymous_0)
FN:33,(anonymous_1)
FN:38,(anonymous_2)
FN:50,(anonymous_3)
FN:60,(anonymous_4)
FN:65,(anonymous_5)
FN:115,(anonymous_6)
FN:126,(anonymous_7)
FN:149,(anonymous_8)
FN:173,(anonymous_9)
FN:179,(anonymous_10)
FN:199,(anonymous_11)
FN:212,(anonymous_12)
FN:216,(anonymous_13)
FN:222,(anonymous_14)
FN:226,(anonymous_15)
FN:236,(anonymous_16)
FN:246,(anonymous_17)
FN:250,(anonymous_18)
FN:258,(anonymous_19)
FN:273,(anonymous_20)
FNF:21
FNH:12
FNDA:2,(anonymous_0)
FNDA:2,(anonymous_1)
FNDA:1,(anonymous_2)
FNDA:0,(anonymous_3)
FNDA:0,(anonymous_4)
FNDA:1,(anonymous_5)
FNDA:2,(anonymous_6)
FNDA:1,(anonymous_7)
FNDA:1,(anonymous_8)
FNDA:1,(anonymous_9)
FNDA:1,(anonymous_10)
FNDA:0,(anonymous_11)
FNDA:0,(anonymous_12)
FNDA:1,(anonymous_13)
FNDA:1,(anonymous_14)
FNDA:1,(anonymous_15)
FNDA:0,(anonymous_16)
FNDA:0,(anonymous_17)
FNDA:0,(anonymous_18)
FNDA:0,(anonymous_19)
FNDA:0,(anonymous_20)
DA:15,1
DA:18,1
DA:29,2
DA:31,2
DA:34,2
DA:35,1
DA:36,1
DA:39,1
DA:51,0
DA:54,1
DA:61,0
DA:68,1
DA:70,1
DA:71,1
DA:72,1
DA:73,1
DA:74,0
DA:79,1
DA:80,1
DA:85,1
DA:86,1
DA:88,1
DA:89,1
DA:90,1
DA:102,0
DA:108,0
DA:120,2
DA:121,2
DA:122,2
DA:123,2
DA:124,1
DA:126,1
DA:127,1
DA:128,1
DA:135,0
DA:136,0
DA:140,1
DA:146,0
DA:154,1
DA:156,1
DA:158,1
DA:159,1
DA:160,0
DA:165,1
DA:166,0
DA:171,1
DA:174,1
DA:175,1
DA:177,1
DA:180,1
DA:181,1
DA:182,1
DA:193,0
DA:200,0
DA:206,0
DA:213,0
DA:218,1
DA:220,1
DA:223,1
DA:224,1
DA:227,1
DA:228,1
DA:237,0
DA:240,0
DA:247,0
DA:251,0
DA:253,0
DA:255,0
DA:256,0
DA:259,0
DA:260,0
DA:267,0
DA:274,0
DA:277,0
LF:74
LH:48
BRDA:34,0,0,1
BRDA:34,0,1,1
BRDA:73,1,0,0
BRDA:73,1,1,1
BRDA:79,2,0,1
BRDA:79,2,1,0
BRDA:88,3,0,1
BRDA:88,3,1,0
BRDA:123,4,0,1
BRDA:123,4,1,1
BRDA:127,5,0,1
BRDA:127,5,1,0
BRDA:135,6,0,0
BRDA:135,6,1,0
BRDA:159,7,0,0
BRDA:159,7,1,1
BRDA:165,8,0,0
BRDA:165,8,1,1
BRDA:174,9,0,1
BRDA:174,9,1,0
BRDA:180,10,0,1
BRDA:180,10,1,0
BRDA:223,11,0,1
BRDA:223,11,1,0
BRDA:227,12,0,1
BRDA:227,12,1,0
BRDA:255,13,0,0
BRDA:255,13,1,0
BRDA:259,14,0,0
BRDA:259,14,1,0
BRF:30
BRH:14
end_of_record
TN:
SF:C:\Users\UCHEKA CHUKWUKELEUBA\Desktop\DevC\teamwork_lite\api\controller\user\user.js
FN:9,(anonymous_0)
FN:23,(anonymous_1)
FN:30,(anonymous_2)
FN:32,(anonymous_3)
FN:37,(anonymous_4)
FN:48,(anonymous_5)
FN:60,(anonymous_6)
FN:67,(anonymous_7)
FN:72,(anonymous_8)
FN:92,(anonymous_9)
FN:95,(anonymous_10)
FN:106,(anonymous_11)
FN:131,(anonymous_12)
FNF:13
FNH:10
FNDA:3,(anonymous_0)
FNDA:2,(anonymous_1)
FNDA:1,(anonymous_2)
FNDA:1,(anonymous_3)
FNDA:1,(anonymous_4)
FNDA:1,(anonymous_5)
FNDA:0,(anonymous_6)
FNDA:0,(anonymous_7)
FNDA:2,(anonymous_8)
FNDA:2,(anonymous_9)
FNDA:1,(anonymous_10)
FNDA:1,(anonymous_11)
FNDA:0,(anonymous_12)
DA:11,3
DA:12,3
DA:13,3
DA:14,1
DA:19,2
DA:21,2
DA:24,2
DA:25,1
DA:30,1
DA:32,1
DA:33,1
DA:34,1
DA:35,1
DA:38,1
DA:39,1
DA:40,1
DA:48,1
DA:49,1
DA:61,0
DA:68,0
DA:80,2
DA:81,2
DA:82,2
DA:83,0
DA:88,2
DA:90,2
DA:93,2
DA:94,1
DA:95,1
DA:96,1
DA:97,1
DA:98,1
DA:99,1
DA:106,1
DA:107,1
DA:108,1
DA:118,0
DA:125,1
DA:132,0
LF:39
LH:34
BRDA:13,0,0,1
BRDA:13,0,1,2
BRDA:24,1,0,1
BRDA:24,1,1,1
BRDA:33,2,0,0
BRDA:33,2,1,1
BRDA:38,3,0,1
BRDA:38,3,1,0
BRDA:45,4,0,1
BRDA:45,4,1,0
BRDA:45,5,0,1
BRDA:45,5,1,1
BRDA:82,6,0,0
BRDA:82,6,1,2
BRDA:93,7,0,1
BRDA:93,7,1,1
BRDA:96,8,0,0
BRDA:96,8,1,1
BRDA:97,9,0,1
BRDA:97,9,1,0
BRDA:103,10,0,1
BRDA:103,10,1,0
BRDA:103,11,0,1
BRDA:103,11,1,1
BRDA:107,12,0,0
BRDA:107,12,1,1
BRF:26
BRH:18
end_of_record
TN:
SF:C:\Users\UCHEKA CHUKWUKELEUBA\Desktop\DevC\teamwork_lite\api\middlewares\multer.js
FN:5,(anonymous_0)
FNF:1
FNH:1
FNDA:1,(anonymous_0)
DA:3,1
DA:6,1
DA:7,0
DA:8,0
DA:10,1
LF:5
LH:3
BRDA:6,0,0,0
BRDA:6,0,1,1
BRF:2
BRH:1
end_of_record
TN:
SF:C:\Users\UCHEKA CHUKWUKELEUBA\Desktop\DevC\teamwork_lite\api\routes\articles\articles.js
FNF:0
FNH:0
DA:5,1
DA:10,1
DA:15,1
DA:20,1
DA:25,1
DA:30,1
DA:35,1
DA:39,1
DA:43,1
LF:9
LH:9
BRF:0
BRH:0
end_of_record
TN:
SF:C:\Users\UCHEKA CHUKWUKELEUBA\Desktop\DevC\teamwork_lite\api\routes\comments\comments.js
FNF:0
FNH:0
DA:5,1
DA:10,1
DA:14,1
DA:19,1
LF:4
LH:4
BRF:0
BRH:0
end_of_record
TN:
SF:C:\Users\UCHEKA CHUKWUKELEUBA\Desktop\DevC\teamwork_lite\api\routes\feed\feed.js
FNF:0
FNH:0
DA:4,1
DA:8,1
LF:2
LH:2
BRF:0
BRH:0
end_of_record
TN:
SF:C:\Users\UCHEKA CHUKWUKELEUBA\Desktop\DevC\teamwork_lite\api\routes\gifs\gifs.js
FNF:0
FNH:0
DA:5,1
DA:10,1
DA:14,1
DA:18,1
DA:22,1
DA:26,1
DA:30,1
LF:7
LH:7
BRF:0
BRH:0
end_of_record
TN:
SF:C:\Users\UCHEKA CHUKWUKELEUBA\Desktop\DevC\teamwork_lite\api\routes\user\user.js
FNF:0
FNH:0
DA:3,1
DA:8,1
DA:12,1
LF:3
LH:3
BRF:0
BRH:0
end_of_record
TN:
SF:C:\Users\UCHEKA CHUKWUKELEUBA\Desktop\DevC\teamwork_lite\api\validator\articles.js
FN:4,(anonymous_0)
FNF:1
FNH:1
FNDA:11,(anonymous_0)
DA:4,1
DA:5,11
DA:6,11
DA:8,11
DA:9,11
DA:10,11
DA:12,11
DA:13,0
DA:14,0
DA:17,11
DA:18,5
DA:19,5
DA:21,6
DA:22,0
DA:23,0
DA:25,6
DA:26,0
DA:27,0
DA:29,6
DA:30,0
DA:31,0
DA:33,6
DA:34,0
DA:35,0
DA:37,6
DA:38,0
DA:39,0
LF:27
LH:15
BRDA:8,0,0,6
BRDA:8,0,1,5
BRDA:9,1,0,11
BRDA:9,1,1,0
BRDA:10,2,0,11
BRDA:10,2,1,0
BRDA:12,3,0,0
BRDA:12,3,1,11
BRDA:17,4,0,5
BRDA:17,4,1,6
BRDA:21,5,0,0
BRDA:21,5,1,6
BRDA:25,6,0,0
BRDA:25,6,1,6
BRDA:29,7,0,0
BRDA:29,7,1,6
BRDA:33,8,0,0
BRDA:33,8,1,6
BRDA:37,9,0,0
BRDA:37,9,1,6
BRF:20
BRH:12
end_of_record
TN:
SF:C:\Users\UCHEKA CHUKWUKELEUBA\Desktop\DevC\teamwork_lite\api\validator\editArticle.js
FN:4,(anonymous_0)
FNF:1
FNH:1
FNDA:3,(anonymous_0)
DA:4,1
DA:5,3
DA:6,3
DA:8,3
DA:9,3
DA:11,3
DA:12,0
DA:13,0
DA:15,3
DA:16,0
DA:17,0
DA:20,3
DA:21,0
DA:22,0
DA:25,3
DA:26,0
DA:27,0
LF:17
LH:9
BRDA:8,0,0,0
BRDA:8,0,1,3
BRDA:9,1,0,2
BRDA:9,1,1,1
BRDA:11,2,0,0
BRDA:11,2,1,3
BRDA:15,3,0,0
BRDA:15,3,1,3
BRDA:20,4,0,0
BRDA:20,4,1,3
BRDA:25,5,0,0
BRDA:25,5,1,3
BRF:12
BRH:7
end_of_record
TN:
SF:C:\Users\UCHEKA CHUKWUKELEUBA\Desktop\DevC\teamwork_lite\api\validator\gif.js
FN:4,(anonymous_0)
FNF:1
FNH:1
FNDA:1,(anonymous_0)
DA:4,1
DA:5,1
DA:6,1
DA:8,1
DA:9,1
DA:10,0
DA:11,0
DA:13,1
DA:14,0
DA:15,0
LF:10
LH:6
BRDA:8,0,0,1
BRDA:8,0,1,0
BRDA:9,1,0,0
BRDA:9,1,1,1
BRDA:13,2,0,0
BRDA:13,2,1,1
BRF:6
BRH:3
end_of_record
TN:
SF:C:\Users\UCHEKA CHUKWUKELEUBA\Desktop\DevC\teamwork_lite\api\validator\isEmpty.js
FN:3,(anonymous_0)
FNF:1
FNH:1
FNDA:98,(anonymous_0)
DA:3,1
DA:4,98
LF:2
LH:2
BRDA:5,0,0,98
BRDA:5,0,1,82
BRDA:5,0,2,82
BRDA:5,0,3,9
BRDA:5,0,4,82
BRDA:5,0,5,73
BRF:6
BRH:6
end_of_record
TN:
SF:C:\Users\UCHEKA CHUKWUKELEUBA\Desktop\DevC\teamwork_lite\api\validator\signin.js
FN:4,(anonymous_0)
FNF:1
FNH:1
FNDA:2,(anonymous_0)
DA:4,1
DA:5,2
DA:6,2
DA:7,2
DA:8,2
DA:10,2
DA:11,0
DA:12,0
DA:14,2
DA:15,0
DA:16,0
DA:18,2
DA:19,0
DA:20,0
LF:14
LH:8
BRDA:7,0,0,2
BRDA:7,0,1,0
BRDA:8,1,0,2
BRDA:8,1,1,0
BRDA:10,2,0,0
BRDA:10,2,1,2
BRDA:14,3,0,0
BRDA:14,3,1,2
BRDA:18,4,0,0
BRDA:18,4,1,2
BRF:10
BRH:5
end_of_record
TN:
SF:C:\Users\UCHEKA CHUKWUKELEUBA\Desktop\DevC\teamwork_lite\api\validator\user.js
FN:4,(anonymous_0)
FNF:1
FNH:1
FNDA:3,(anonymous_0)
DA:4,1
DA:5,3
DA:6,3
DA:7,3
DA:8,3
DA:9,3
DA:10,3
DA:11,3
DA:12,3
DA:13,3
DA:14,3
DA:15,3
DA:16,3
DA:22,3
DA:23,0
DA:24,0
DA:26,3
DA:27,0
DA:28,0
DA:30,3
DA:31,0
DA:32,0
DA:34,3
DA:35,0
DA:36,0
DA:38,3
DA:39,0
DA:40,0
DA:42,3
DA:43,0
DA:44,0
DA:46,3
DA:47,0
DA:48,0
DA:50,3
DA:51,0
DA:52,0
DA:54,3
DA:55,0
DA:56,0
DA:58,3
DA:59,0
DA:60,0
DA:62,3
DA:63,0
DA:64,0
DA:67,3
DA:68,1
DA:69,1
LF:49
LH:27
BRDA:7,0,0,3
BRDA:7,0,1,0
BRDA:8,1,0,3
BRDA:8,1,1,0
BRDA:9,2,0,3
BRDA:9,2,1,0
BRDA:10,3,0,3
BRDA:10,3,1,0
BRDA:11,4,0,3
BRDA:11,4,1,0
BRDA:12,5,0,3
BRDA:12,5,1,0
BRDA:13,6,0,3
BRDA:13,6,1,0
BRDA:14,7,0,3
BRDA:14,7,1,0
BRDA:15,8,0,3
BRDA:15,8,1,0
BRDA:16,9,0,3
BRDA:16,9,1,0
BRDA:22,10,0,0
BRDA:22,10,1,3
BRDA:26,11,0,0
BRDA:26,11,1,3
BRDA:30,12,0,0
BRDA:30,12,1,3
BRDA:34,13,0,0
BRDA:34,13,1,3
BRDA:38,14,0,0
BRDA:38,14,1,3
BRDA:42,15,0,0
BRDA:42,15,1,3
BRDA:46,16,0,0
BRDA:46,16,1,3
BRDA:50,17,0,0
BRDA:50,17,1,3
BRDA:54,18,0,0
BRDA:54,18,1,3
BRDA:58,19,0,0
BRDA:58,19,1,3
BRDA:62,20,0,0
BRDA:62,20,1,3
BRDA:67,21,0,1
BRDA:67,21,1,2
BRF:44
BRH:23
end_of_record
